openCVLibrary2410/build/outputs/logs/manifest-merger-debug-report.txt
-- Merging decision tree log ---
manifest
ADDED from src\main\AndroidManifest.xml:2:1-10:12
INJECTED from src\main\AndroidManifest.xml:2:1-10:12
INJECTED from src\main\AndroidManifest.xml:2:1-10:12
INJECTED from src\main\AndroidManifest.xml:2:1-10:12
INJECTED from src\main\AndroidManifest.xml:2:1-10:12
INJECTED from src\main\AndroidManifest.xml:2:1-10:12
INJECTED from src\main\AndroidManifest.xml:2:1-10:12
	package
		ADDED from src\main\AndroidManifest.xml:3:7-27
		INJECTED from src\main\AndroidManifest.xml
		INJECTED from src\main\AndroidManifest.xml
	android:versionName
		ADDED from src\main\AndroidManifest.xml:5:7-35
		INJECTED from src\main\AndroidManifest.xml
		INJECTED from src\main\AndroidManifest.xml
	xmlns:android
		ADDED from src\main\AndroidManifest.xml:2:11-69
	android:versionCode
		ADDED from src\main\AndroidManifest.xml:4:7-34
		INJECTED from src\main\AndroidManifest.xml
		INJECTED from src\main\AndroidManifest.xml
uses-sdk
ADDED from src\main\AndroidManifest.xml:7:5-43
INJECTED from src\main\AndroidManifest.xml:7:5-43
INJECTED from src\main\AndroidManifest.xml:7:5-43
INJECTED from src\main\AndroidManifest.xml:7:5-43
INJECTED from src\main\AndroidManifest.xml:7:5-43
	android:targetSdkVersion
		INJECTED from src\main\AndroidManifest.xml
		ADDED from src\main\AndroidManifest.xml:7:5-43
		INJECTED from src\main\AndroidManifest.xml
	android:minSdkVersion
		ADDED from src\main\AndroidManifest.xml:7:15-40
		INJECTED from src\main\AndroidManifest.xml
		INJECTED from src\main\AndroidManifest.xml
uses-permission#android.permission.CAMERA
ADDED from src\main\AndroidManifest.xml:9:5-65
	android:name
		ADDED from src\main\AndroidManifest.xml:9:22-62